<?xml version="1.0" encoding="UTF-8"?>
<!-- Generated by org.testng.reporters.JUnitReportReporter -->
<testsuite skipped="0" hostname="BMSS-AP-PC" name="runner.RunCuke" tests="1" failures="0" timestamp="31 Jan 2019 04:12:42 GMT" time="84.305" errors="0">
  <testcase name="feature" time="84.305" classname="runner.RunCuke"/>
</testsuite> <!-- runner.RunCuke -->
