<?xml version="1.0" encoding="UTF-8"?>
<!-- Generated by org.testng.reporters.JUnitReportReporter -->
<testsuite skipped="0" hostname="BMSS-AP-PC" name="runner.RunCuke" tests="2" failures="0" timestamp="01 Feb 2019 03:44:41 GMT" time="197.287" errors="0">
  <testcase name="feature" time="101.718" classname="runner.RunCuke"/>
  <testcase name="feature" time="95.569" classname="runner.RunCuke"/>
</testsuite> <!-- runner.RunCuke -->
